# JRE version: OpenJDK Runtime Environment Temurin-21.0.8+9 (21.0.8+9) (build 21.0.8+9-LTS)
# Java VM: OpenJDK 64-Bit Server VM Temurin-21.0.8+9 (21.0.8+9-LTS, mixed mode, sharing, tiered, compressed oops, compressed class ptrs, g1 gc, windows-amd64)
GC Precious Log:
 CardTable entry size: 512
 Card Set container configuration: InlinePtr #cards 5 size 8 Array Of Cards #cards 12 size 40 Howl #buckets 4 coarsen threshold 1843 Howl Bitmap #cards 512 size 80 coarsen threshold 460 Card regions per heap region 1 cards per card region 2048
 CPUs: 8 total, 8 available
 Memory: 7834M
 Large Page Support: Disabled
 NUMA Support: Disabled
 Compressed Oops: Enabled (32-bit)
 Heap Region Size: 1M
 Heap Min Capacity: 64M
 Heap Initial Capacity: 64M
 Heap Max Capacity: 64M
 Pre-touch: Disabled
 Parallel Workers: 8
 Concurrent Workers: 2
 Concurrent Refinement Workers: 8
 Periodic GC: Disabled
Heap:
 garbage-first heap   total 65536K, used 30252K [0x00000000fc000000, 0x0000000100000000)
  region size 1024K, 20 young (20480K), 2 survivors (2048K)
 Metaspace       used 9871K, committed 10176K, reserved 1114112K
  class space    used 1279K, committed 1408K, reserved 1048576K
GC Heap History (20 events):
Event: 0.415 GC heap before
{Heap before GC invocations=0 (full 0):
 garbage-first heap   total 65536K, used 22528K [0x00000000fc000000, 0x0000000100000000)
  region size 1024K, 23 young (23552K), 0 survivors (0K)
 Metaspace       used 1581K, committed 1792K, reserved 1114112K
  class space    used 149K, committed 256K, reserved 1048576K
}
Event: 0.418 GC heap after
{Heap after GC invocations=1 (full 0):
 garbage-first heap   total 65536K, used 1792K [0x00000000fc000000, 0x0000000100000000)
  region size 1024K, 2 young (2048K), 2 survivors (2048K)
 Metaspace       used 1581K, committed 1792K, reserved 1114112K
  class space    used 149K, committed 256K, reserved 1048576K
}
Event: 1.137 GC heap before
{Heap before GC invocations=1 (full 0):
 garbage-first heap   total 65536K, used 37632K [0x00000000fc000000, 0x0000000100000000)
  region size 1024K, 35 young (35840K), 2 survivors (2048K)
 Metaspace       used 8165K, committed 8448K, reserved 1114112K
  class space    used 1109K, committed 1216K, reserved 1048576K
}
Event: 1.143 GC heap after
{Heap after GC invocations=2 (full 0):
 garbage-first heap   total 65536K, used 11008K [0x00000000fc000000, 0x0000000100000000)
  region size 1024K, 5 young (5120K), 5 survivors (5120K)
 Metaspace       used 8165K, committed 8448K, reserved 1114112K
  class space    used 1109K, committed 1216K, reserved 1048576K
}
Event: 67.957 GC heap before
{Heap before GC invocations=2 (full 0):
 garbage-first heap   total 65536K, used 42752K [0x00000000fc000000, 0x0000000100000000)
  region size 1024K, 36 young (36864K), 5 survivors (5120K)
 Metaspace       used 9848K, committed 10112K, reserved 1114112K
  class space    used 1279K, committed 1408K, reserved 1048576K
}
Event: 68.042 GC heap after
{Heap after GC invocations=3 (full 0):
 garbage-first heap   total 65536K, used 12365K [0x00000000fc000000, 0x0000000100000000)
  region size 1024K, 2 young (2048K), 2 survivors (2048K)
 Metaspace       used 9848K, committed 10112K, reserved 1114112K
  class space    used 1279K, committed 1408K, reserved 1048576K
}
Event: 115.642 GC heap before
{Heap before GC invocations=3 (full 0):
 garbage-first heap   total 65536K, used 46157K [0x00000000fc000000, 0x0000000100000000)
  region size 1024K, 35 young (35840K), 2 survivors (2048K)
 Metaspace       used 9855K, committed 10112K, reserved 1114112K
  class space    used 1279K, committed 1408K, reserved 1048576K
}
Event: 115.674 GC heap after
{Heap after GC invocations=4 (full 0):
 garbage-first heap   total 65536K, used 11960K [0x00000000fc000000, 0x0000000100000000)
  region size 1024K, 1 young (1024K), 1 survivors (1024K)
 Metaspace       used 9855K, committed 10112K, reserved 1114112K
  class space    used 1279K, committed 1408K, reserved 1048576K
}
Event: 369.228 GC heap before
{Heap before GC invocations=4 (full 0):
 garbage-first heap   total 65536K, used 49848K [0x00000000fc000000, 0x0000000100000000)
  region size 1024K, 38 young (38912K), 1 survivors (1024K)
 Metaspace       used 9863K, committed 10176K, reserved 1114112K
  class space    used 1279K, committed 1408K, reserved 1048576K
}
Event: 369.254 GC heap after
{Heap after GC invocations=5 (full 0):
 garbage-first heap   total 65536K, used 11880K [0x00000000fc000000, 0x0000000100000000)
  region size 1024K, 1 young (1024K), 1 survivors (1024K)
 Metaspace       used 9863K, committed 10176K, reserved 1114112K
  class space    used 1279K, committed 1408K, reserved 1048576K
}
Event: 426.631 GC heap before
{Heap before GC invocations=5 (full 0):
 garbage-first heap   total 65536K, used 49768K [0x00000000fc000000, 0x0000000100000000)
  region size 1024K, 38 young (38912K), 1 survivors (1024K)
 Metaspace       used 9863K, committed 10176K, reserved 1114112K
  class space    used 1279K, committed 1408K, reserved 1048576K
}
Event: 426.790 GC heap after
{Heap after GC invocations=6 (full 0):
 garbage-first heap   total 65536K, used 11973K [0x00000000fc000000, 0x0000000100000000)
  region size 1024K, 1 young (1024K), 1 survivors (1024K)
 Metaspace       used 9863K, committed 10176K, reserved 1114112K
  class space    used 1279K, committed 1408K, reserved 1048576K
}
Event: 878.292 GC heap before
{Heap before GC invocations=6 (full 0):
 garbage-first heap   total 65536K, used 49861K [0x00000000fc000000, 0x0000000100000000)
  region size 1024K, 38 young (38912K), 1 survivors (1024K)
 Metaspace       used 9864K, committed 10176K, reserved 1114112K
  class space    used 1279K, committed 1408K, reserved 1048576K
}
Event: 878.357 GC heap after
{Heap after GC invocations=7 (full 0):
 garbage-first heap   total 65536K, used 12209K [0x00000000fc000000, 0x0000000100000000)
  region size 1024K, 1 young (1024K), 1 survivors (1024K)
 Metaspace       used 9864K, committed 10176K, reserved 1114112K
  class space    used 1279K, committed 1408K, reserved 1048576K
}
Event: 2257.928 GC heap before
{Heap before GC invocations=7 (full 0):
 garbage-first heap   total 65536K, used 50097K [0x00000000fc000000, 0x0000000100000000)
  region size 1024K, 38 young (38912K), 1 survivors (1024K)
 Metaspace       used 9864K, committed 10176K, reserved 1114112K
  class space    used 1279K, committed 1408K, reserved 1048576K
}
Event: 2257.969 GC heap after
{Heap after GC invocations=8 (full 0):
 garbage-first heap   total 65536K, used 11869K [0x00000000fc000000, 0x0000000100000000)
  region size 1024K, 1 young (1024K), 1 survivors (1024K)
 Metaspace       used 9864K, committed 10176K, reserved 1114112K
  class space    used 1279K, committed 1408K, reserved 1048576K
}
Event: 3779.337 GC heap before
{Heap before GC invocations=8 (full 0):
 garbage-first heap   total 65536K, used 49757K [0x00000000fc000000, 0x0000000100000000)
  region size 1024K, 38 young (38912K), 1 survivors (1024K)
 Metaspace       used 9871K, committed 10176K, reserved 1114112K
  class space    used 1279K, committed 1408K, reserved 1048576K
}
Event: 3779.369 GC heap after
{Heap after GC invocations=9 (full 0):
 garbage-first heap   total 65536K, used 11947K [0x00000000fc000000, 0x0000000100000000)
  region size 1024K, 1 young (1024K), 1 survivors (1024K)
 Metaspace       used 9871K, committed 10176K, reserved 1114112K
  class space    used 1279K, committed 1408K, reserved 1048576K
}
Event: 3957.357 GC heap before
{Heap before GC invocations=9 (full 0):
 garbage-first heap   total 65536K, used 49835K [0x00000000fc000000, 0x0000000100000000)
  region size 1024K, 38 young (38912K), 1 survivors (1024K)
 Metaspace       used 9871K, committed 10176K, reserved 1114112K
  class space    used 1279K, committed 1408K, reserved 1048576K
}
Event: 3957.545 GC heap after
{Heap after GC invocations=10 (full 0):
 garbage-first heap   total 65536K, used 12844K [0x00000000fc000000, 0x0000000100000000)
  region size 1024K, 2 young (2048K), 2 survivors (2048K)
 Metaspace       used 9871K, committed 10176K, reserved 1114112K
  class space    used 1279K, committed 1408K, reserved 1048576K
}

